[debug] [2025-04-04T15:48:39.649Z] ----------------------------------------------------------------------
[debug] [2025-04-04T15:48:39.652Z] Command:       C:\Program Files\nodejs\node.exe C:\Users\charu\AppData\Roaming\npm\node_modules\firebase-tools\lib\bin\firebase.js init
[debug] [2025-04-04T15:48:39.653Z] CLI Version:   14.1.0
[debug] [2025-04-04T15:48:39.653Z] Platform:      win32
[debug] [2025-04-04T15:48:39.653Z] Node Version:  v20.17.0
[debug] [2025-04-04T15:48:39.653Z] Time:          Fri Apr 04 2025 21:18:39 GMT+0530 (India Standard Time)
[debug] [2025-04-04T15:48:39.654Z] ----------------------------------------------------------------------
[debug] 
[debug] [2025-04-04T15:48:39.662Z] > command requires scopes: ["email","openid","https://www.googleapis.com/auth/cloudplatformprojects.readonly","https://www.googleapis.com/auth/firebase","https://www.googleapis.com/auth/cloud-platform"]
[debug] [2025-04-04T15:48:39.662Z] > authorizing via signed-in user (charunifernandz@gmail.com)
[info] 
     ######## #### ########  ######## ########     ###     ######  ########
     ##        ##  ##     ## ##       ##     ##  ##   ##  ##       ##
     ######    ##  ########  ######   ########  #########  ######  ######
     ##        ##  ##    ##  ##       ##     ## ##     ##       ## ##
     ##       #### ##     ## ######## ########  ##     ##  ######  ########

You're about to initialize a Firebase project in this directory:

  C:\Users\charu\Desktop\PAF Project\Skill-Sharing-and-Learning-Platform\Frontend

[debug] [2025-04-04T15:49:57.865Z] ----------------------------------------------------------------------
[debug] [2025-04-04T15:49:57.868Z] Command:       C:\Program Files\nodejs\node.exe C:\Users\charu\AppData\Roaming\npm\node_modules\firebase-tools\lib\bin\firebase.js init
[debug] [2025-04-04T15:49:57.868Z] CLI Version:   14.1.0
[debug] [2025-04-04T15:49:57.869Z] Platform:      win32
[debug] [2025-04-04T15:49:57.869Z] Node Version:  v20.17.0
[debug] [2025-04-04T15:49:57.869Z] Time:          Fri Apr 04 2025 21:19:57 GMT+0530 (India Standard Time)
[debug] [2025-04-04T15:49:57.869Z] ----------------------------------------------------------------------
[debug] 
[debug] [2025-04-04T15:49:57.878Z] > command requires scopes: ["email","openid","https://www.googleapis.com/auth/cloudplatformprojects.readonly","https://www.googleapis.com/auth/firebase","https://www.googleapis.com/auth/cloud-platform"]
[debug] [2025-04-04T15:49:57.879Z] > authorizing via signed-in user (charunifernandz@gmail.com)
[info] 
     ######## #### ########  ######## ########     ###     ######  ########
     ##        ##  ##     ## ##       ##     ##  ##   ##  ##       ##
     ######    ##  ########  ######   ########  #########  ######  ######
     ##        ##  ##    ##  ##       ##     ## ##     ##       ## ##
     ##       #### ##     ## ######## ########  ##     ##  ######  ########

You're about to initialize a Firebase project in this directory:

  C:\Users\charu\Desktop\PAF Project\Skill-Sharing-and-Learning-Platform\Frontend

[info] 
=== Project Setup
[info] 
[info] First, let's associate this project directory with a Firebase project.
[info] You can create multiple project aliases by running firebase use --add, 
[info] but for now we'll just set up a default project.
[info] 
[debug] [2025-04-04T15:50:52.174Z] Using project from CLI flag: sulayako-5bb8b
[debug] [2025-04-04T15:50:52.177Z] Checked if tokens are valid: true, expires at: 1743784666967
[debug] [2025-04-04T15:50:52.177Z] Checked if tokens are valid: true, expires at: 1743784666967
[debug] [2025-04-04T15:50:52.180Z] >>> [apiv2][query] GET https://firebase.googleapis.com/v1beta1/projects/sulayako-5bb8b [none]
[debug] [2025-04-04T15:50:53.371Z] <<< [apiv2][status] GET https://firebase.googleapis.com/v1beta1/projects/sulayako-5bb8b 403
[debug] [2025-04-04T15:50:53.371Z] <<< [apiv2][body] GET https://firebase.googleapis.com/v1beta1/projects/sulayako-5bb8b {"error":{"code":403,"message":"The caller does not have permission","status":"PERMISSION_DENIED"}}
[debug] [2025-04-04T15:50:53.372Z] Request to https://firebase.googleapis.com/v1beta1/projects/sulayako-5bb8b had HTTP Error: 403, The caller does not have permission
[debug] [2025-04-04T15:50:55.300Z] FirebaseError: Request to https://firebase.googleapis.com/v1beta1/projects/sulayako-5bb8b had HTTP Error: 403, The caller does not have permission
    at responseToError (C:\Users\charu\AppData\Roaming\npm\node_modules\firebase-tools\lib\responseToError.js:52:12)
    at RetryOperation._fn (C:\Users\charu\AppData\Roaming\npm\node_modules\firebase-tools\lib\apiv2.js:312:77)
    at process.processTicksAndRejections (node:internal/process/task_queues:95:5)
[error] 
[error] Error: Failed to get Firebase project sulayako-5bb8b. Please make sure the project exists and your account has permission to access it.
